This is pdfTeX, Version 3.1415926-2.5-1.40.14 (MiKTeX 2.9 64-bit) (preloaded format=pdflatex 2014.8.7)  1 SEP 2014 17:52
entering extended mode
**main.tex
(C:\Users\Lydia\Documents\GitHub\Discolog\discolog\Rapport\main.tex
LaTeX2e <2014/05/01>
Babel <3.9k> and hyphenation patterns for 68 languages loaded.
("C:\Program Files\MiKTeX 2.9\tex\latex\thesis\Thesis.cls"

LaTeX Warning: You have requested document class `Thesis',
               but the document class provides `thesis'.

Document Class: thesis 1996/25/01 1.0g LaTeX document class (wm).
\hours=\count79
\minutes=\count80
("C:\Program Files\MiKTeX 2.9\tex\latex\base\bk12.clo"
File: bk12.clo 2007/10/19 v1.4h Standard LaTeX file (size option)
)
\c@part=\count81
\c@chapter=\count82
\c@section=\count83
\c@subsection=\count84
\c@subsubsection=\count85
\c@paragraph=\count86
\c@subparagraph=\count87
\beforechaptervspace=\skip41
\afterchaptervspace=\skip42
\exampleindent=\skip43
\c@figure=\count88
\c@table=\count89
\abovecaptionskip=\skip44
\belowcaptionskip=\skip45
\bibindent=\dimen102
)
! Undefined control sequence.
l.30 \graphicspath
                  {{Pictures/}} % Specifies the directory where pictures are...
The control sequence at the end of the top line
of your error message was never \def'ed. If you have
misspelled it (e.g., `\hobx'), type `I' and the correct
spelling (e.g., `I\hbox'). Otherwise just continue,
and I'll forget about whatever was undefined.


! LaTeX Error: Missing \begin{document}.

See the LaTeX manual or LaTeX Companion for explanation.
Type  H <return>  for immediate help.
 ...                                              
                                                  
l.30 \graphicspath{{P
                     ictures/}} % Specifies the directory where pictures are...

You're in trouble here.  Try typing  <return>  to proceed.
If that doesn't work, type  X <return>  to quit.

("C:\Program Files\MiKTeX 2.9\tex\latex\cite\cite.sty"
LaTeX Info: Redefining \cite on input line 302.
LaTeX Info: Redefining \nocite on input line 373.
Package: cite 2010/09/10  v 5.3
)
("C:\Program Files\MiKTeX 2.9\tex\latex\graphics\graphicx.sty"
Package: graphicx 2014/04/25 v1.0g Enhanced LaTeX Graphics (DPC,SPQR)

("C:\Program Files\MiKTeX 2.9\tex\latex\graphics\keyval.sty"
Package: keyval 2014/05/08 v1.15 key=value parser (DPC)
\KV@toks@=\toks14
)
("C:\Program Files\MiKTeX 2.9\tex\latex\graphics\graphics.sty"
Package: graphics 2009/02/05 v1.0o Standard LaTeX Graphics (DPC,SPQR)

("C:\Program Files\MiKTeX 2.9\tex\latex\graphics\trig.sty"
Package: trig 1999/03/16 v1.09 sin cos tan (DPC)
)
("C:\Program Files\MiKTeX 2.9\tex\latex\00miktex\graphics.cfg"
File: graphics.cfg 2007/01/18 v1.5 graphics configuration of teTeX/TeXLive
)
Package graphics Info: Driver file: pdftex.def on input line 91.

("C:\Program Files\MiKTeX 2.9\tex\latex\pdftex-def\pdftex.def"
File: pdftex.def 2011/05/27 v0.06d Graphics/color for pdfTeX

("C:\Program Files\MiKTeX 2.9\tex\generic\oberdiek\infwarerr.sty"
Package: infwarerr 2010/04/08 v1.3 Providing info/warning/error messages (HO)
)
("C:\Program Files\MiKTeX 2.9\tex\generic\oberdiek\ltxcmds.sty"
Package: ltxcmds 2011/11/09 v1.22 LaTeX kernel commands for general use (HO)
)
\Gread@gobject=\count90
))
\Gin@req@height=\dimen103
\Gin@req@width=\dimen104
)
("C:\Program Files\MiKTeX 2.9\tex\latex\natbib\natbib.sty"
Package: natbib 2010/09/13 8.31b (PWD, AO)


Package natbib Warning: The `cite' package should not be used
(natbib)                with natbib. Use option `sort' instead.

\bibhang=\skip46
\bibsep=\skip47
LaTeX Info: Redefining \cite on input line 694.
LaTeX Info: Redefining \citenum on input line 708.
\c@NAT@ctr=\count91
) ("C:\Program Files\MiKTeX 2.9\tex\latex\listings\listings.sty"
\lst@mode=\count92
\lst@gtempboxa=\box26
\lst@token=\toks15
\lst@length=\count93
\lst@currlwidth=\dimen105
\lst@column=\count94
\lst@pos=\count95
\lst@lostspace=\dimen106
\lst@width=\dimen107
\lst@newlines=\count96
\lst@lineno=\count97
\lst@maxwidth=\dimen108

("C:\Program Files\MiKTeX 2.9\tex\latex\listings\lstmisc.sty"
File: lstmisc.sty 2014/03/04 1.5c (Carsten Heinz)
\c@lstnumber=\count98
\lst@skipnumbers=\count99
\lst@framebox=\box27
)
("C:\Program Files\MiKTeX 2.9\tex\latex\listings\listings.cfg"
File: listings.cfg 2014/03/04 1.5c listings configuration
))
Package: listings 2014/03/04 1.5c (Carsten Heinz)

("C:\Program Files\MiKTeX 2.9\tex\latex\graphics\color.sty"
Package: color 2014/04/23 v1.1a Standard LaTeX Color (DPC)

("C:\Program Files\MiKTeX 2.9\tex\latex\00miktex\color.cfg"
File: color.cfg 2007/01/18 v1.5 color configuration of teTeX/TeXLive
)
Package color Info: Driver file: pdftex.def on input line 137.
)
("C:\Program Files\MiKTeX 2.9\tex\latex\amsmath\amsmath.sty"
Package: amsmath 2013/01/14 v2.14 AMS math features
\@mathmargin=\skip48

For additional information on amsmath, use the `?' option.
("C:\Program Files\MiKTeX 2.9\tex\latex\amsmath\amstext.sty"
Package: amstext 2000/06/29 v2.01

("C:\Program Files\MiKTeX 2.9\tex\latex\amsmath\amsgen.sty"
File: amsgen.sty 1999/11/30 v2.0
\@emptytoks=\toks16
\ex@=\dimen109
))
("C:\Program Files\MiKTeX 2.9\tex\latex\amsmath\amsbsy.sty"
Package: amsbsy 1999/11/29 v1.2d
\pmbraise@=\dimen110
)
("C:\Program Files\MiKTeX 2.9\tex\latex\amsmath\amsopn.sty"
Package: amsopn 1999/12/14 v2.01 operator names
)
\inf@bad=\count100
LaTeX Info: Redefining \frac on input line 210.
\uproot@=\count101
\leftroot@=\count102
LaTeX Info: Redefining \overline on input line 306.
\classnum@=\count103
\DOTSCASE@=\count104
LaTeX Info: Redefining \ldots on input line 378.
LaTeX Info: Redefining \dots on input line 381.
LaTeX Info: Redefining \cdots on input line 466.
\Mathstrutbox@=\box28
\strutbox@=\box29
\big@size=\dimen111
LaTeX Font Info:    Redeclaring font encoding OML on input line 566.
LaTeX Font Info:    Redeclaring font encoding OMS on input line 567.
\macc@depth=\count105
\c@MaxMatrixCols=\count106
\dotsspace@=\muskip10
\c@parentequation=\count107
\dspbrk@lvl=\count108
\tag@help=\toks17
\row@=\count109
\column@=\count110
\maxfields@=\count111
\andhelp@=\toks18
\eqnshift@=\dimen112
\alignsep@=\dimen113
\tagshift@=\dimen114
\tagwidth@=\dimen115
\totwidth@=\dimen116
\lineht@=\dimen117
\@envbody=\toks19
\multlinegap=\skip49
\multlinetaggap=\skip50
\mathdisplay@stack=\toks20
LaTeX Info: Redefining \[ on input line 2665.
LaTeX Info: Redefining \] on input line 2666.
)
("C:\Program Files\MiKTeX 2.9\tex\latex\algorithms\algorithm.sty"
Package: algorithm 2009/08/24 v0.1 Document Style `algorithm' - floating enviro
nment

("C:\Program Files\MiKTeX 2.9\tex\latex\float\float.sty"
Package: float 2001/11/08 v1.3d Float enhancements (AL)
\c@float@type=\count112
\float@exts=\toks21
\float@box=\box30
\@float@everytoks=\toks22
\@floatcapt=\box31
)
("C:\Program Files\MiKTeX 2.9\tex\latex\base\ifthen.sty"
Package: ifthen 2001/05/26 v1.1c Standard LaTeX ifthen package (DPC)
)
\@float@every@algorithm=\toks23
\c@algorithm=\count113
)
("C:\Program Files\MiKTeX 2.9\tex\latex\algorithmicx\algpseudocode.sty"
Package: algpseudocode 

("C:\Program Files\MiKTeX 2.9\tex\latex\algorithmicx\algorithmicx.sty"
Package: algorithmicx 2005/04/27 v1.2 Algorithmicx

Document Style algorithmicx 1.2 - a greatly improved `algorithmic' style
\c@ALG@line=\count114
\c@ALG@rem=\count115
\c@ALG@nested=\count116
\ALG@tlm=\skip51
\ALG@thistlm=\skip52
\c@ALG@Lnr=\count117
\c@ALG@blocknr=\count118
\c@ALG@storecount=\count119
\c@ALG@tmpcounter=\count120
\ALG@tmplength=\skip53
)
Document Style - pseudocode environments for use with the `algorithmicx' style
)
! Undefined control sequence.
l.44 \hypersetup
                {urlcolor=blue, colorlinks=true} % Colors hyperlinks in blue...
The control sequence at the end of the top line
of your error message was never \def'ed. If you have
misspelled it (e.g., `\hobx'), type `I' and the correct
spelling (e.g., `I\hbox'). Otherwise just continue,
and I'll forget about whatever was undefined.


! LaTeX Error: Missing \begin{document}.

See the LaTeX manual or LaTeX Companion for explanation.
Type  H <return>  for immediate help.
 ...                                              
                                                  
l.44 \hypersetup{u
                  rlcolor=blue, colorlinks=true} % Colors hyperlinks in blue...

You're in trouble here.  Try typing  <return>  to proceed.
If that doesn't work, type  X <return>  to quit.

Package color Info: Redefining color cyan on input line 48.
Package color Info: Redefining color gray on input line 69.
("C:\Program Files\MiKTeX 2.9\tex\latex\listings\lstlang1.sty"
File: lstlang1.sty 2014/03/04 1.5c listings language file
)
("C:\Program Files\MiKTeX 2.9\tex\latex\listings\lstmisc.sty"
File: lstmisc.sty 2014/03/04 1.5c (Carsten Heinz)
)
No file main.aux.
LaTeX Font Info:    Checking defaults for OML/cmm/m/it on input line 89.
LaTeX Font Info:    ... okay on input line 89.
LaTeX Font Info:    Checking defaults for T1/cmr/m/n on input line 89.
LaTeX Font Info:    ... okay on input line 89.
LaTeX Font Info:    Checking defaults for OT1/cmr/m/n on input line 89.
LaTeX Font Info:    ... okay on input line 89.
LaTeX Font Info:    Checking defaults for OMS/cmsy/m/n on input line 89.
LaTeX Font Info:    ... okay on input line 89.
LaTeX Font Info:    Checking defaults for OMX/cmex/m/n on input line 89.
LaTeX Font Info:    ... okay on input line 89.
LaTeX Font Info:    Checking defaults for U/cmr/m/n on input line 89.
LaTeX Font Info:    ... okay on input line 89.
("C:\Program Files\MiKTeX 2.9\tex\context\base\supp-pdf.mkii"
[Loading MPS to PDF converter (version 2006.09.02).]
\scratchcounter=\count121
\scratchdimen=\dimen118
\scratchbox=\box32
\nofMPsegments=\count122
\nofMParguments=\count123
\everyMPshowfont=\toks24
\MPscratchCnt=\count124
\MPscratchDim=\dimen119
\MPnumerator=\count125
\makeMPintoPDFobject=\count126
\everyMPtoPDFconversion=\toks25
)
\c@lstlisting=\count127
 [1{C:/ProgramData/MiKTeX/2.9/pdftex/config/pdftex.map}

]
! Undefined control sequence.
l.93 \setstretch
                {1.3} % Line spacing of 1.3
The control sequence at the end of the top line
of your error message was never \def'ed. If you have
misspelled it (e.g., `\hobx'), type `I' and the correct
spelling (e.g., `I\hbox'). Otherwise just continue,
and I'll forget about whatever was undefined.

! Undefined control sequence.
l.96 \fancyhead
               {} % Clears all page headers and footers
The control sequence at the end of the top line
of your error message was never \def'ed. If you have
misspelled it (e.g., `\hobx'), type `I' and the correct
spelling (e.g., `I\hbox'). Otherwise just continue,
and I'll forget about whatever was undefined.

! Undefined control sequence.
l.97 \rhead
           {\thepage} % Sets the right side header to show the page number
The control sequence at the end of the top line
of your error message was never \def'ed. If you have
misspelled it (e.g., `\hobx'), type `I' and the correct
spelling (e.g., `I\hbox'). Otherwise just continue,
and I'll forget about whatever was undefined.

! Undefined control sequence.
l.98 \lhead
           {} % Clears the left side page header
The control sequence at the end of the top line
of your error message was never \def'ed. If you have
misspelled it (e.g., `\hobx'), type `I' and the correct
spelling (e.g., `I\hbox'). Otherwise just continue,
and I'll forget about whatever was undefined.

! Undefined control sequence.
<argument> \undefinedpagestyle 
                               
l.100 \pagestyle{fancy}
                        % Finally, use the "fancy" page style to implement t...
The control sequence at the end of the top line
of your error message was never \def'ed. If you have
misspelled it (e.g., `\hobx'), type `I' and the correct
spelling (e.g., `I\hbox'). Otherwise just continue,
and I'll forget about whatever was undefined.

! Undefined control sequence.
l.105 \hypersetup
                 {pdftitle={\ttitle}}
The control sequence at the end of the top line
of your error message was never \def'ed. If you have
misspelled it (e.g., `\hobx'), type `I' and the correct
spelling (e.g., `I\hbox'). Otherwise just continue,
and I'll forget about whatever was undefined.

! Undefined control sequence.
l.105 \hypersetup{pdftitle={\ttitle
                                   }}
The control sequence at the end of the top line
of your error message was never \def'ed. If you have
misspelled it (e.g., `\hobx'), type `I' and the correct
spelling (e.g., `I\hbox'). Otherwise just continue,
and I'll forget about whatever was undefined.

! Undefined control sequence.
l.106 \hypersetup
                 {pdfsubject=\subjectname}
The control sequence at the end of the top line
of your error message was never \def'ed. If you have
misspelled it (e.g., `\hobx'), type `I' and the correct
spelling (e.g., `I\hbox'). Otherwise just continue,
and I'll forget about whatever was undefined.

! Undefined control sequence.
l.106 \hypersetup{pdfsubject=\subjectname
                                         }
The control sequence at the end of the top line
of your error message was never \def'ed. If you have
misspelled it (e.g., `\hobx'), type `I' and the correct
spelling (e.g., `I\hbox'). Otherwise just continue,
and I'll forget about whatever was undefined.

! Undefined control sequence.
l.107 \hypersetup
                 {pdfauthor=\authornames}
The control sequence at the end of the top line
of your error message was never \def'ed. If you have
misspelled it (e.g., `\hobx'), type `I' and the correct
spelling (e.g., `I\hbox'). Otherwise just continue,
and I'll forget about whatever was undefined.

! Undefined control sequence.
l.107 \hypersetup{pdfauthor=\authornames
                                        }
The control sequence at the end of the top line
of your error message was never \def'ed. If you have
misspelled it (e.g., `\hobx'), type `I' and the correct
spelling (e.g., `I\hbox'). Otherwise just continue,
and I'll forget about whatever was undefined.

! Undefined control sequence.
l.108 \hypersetup
                 {pdfkeywords=\keywordnames}
The control sequence at the end of the top line
of your error message was never \def'ed. If you have
misspelled it (e.g., `\hobx'), type `I' and the correct
spelling (e.g., `I\hbox'). Otherwise just continue,
and I'll forget about whatever was undefined.

! Undefined control sequence.
l.108 \hypersetup{pdfkeywords=\keywordnames
                                           }
The control sequence at the end of the top line
of your error message was never \def'ed. If you have
misspelled it (e.g., `\hobx'), type `I' and the correct
spelling (e.g., `I\hbox'). Otherwise just continue,
and I'll forget about whatever was undefined.

[1

]
! Undefined control sequence.
<argument> \LARGE \univname 
                            
l.117 \textsc{\LARGE \univname}
                               \\[1.5cm] % University name
The control sequence at the end of the top line
of your error message was never \def'ed. If you have
misspelled it (e.g., `\hobx'), type `I' and the correct
spelling (e.g., `I\hbox'). Otherwise just continue,
and I'll forget about whatever was undefined.

! Undefined control sequence.
l.121 {\huge \bfseries \ttitle
                              }\\[0.4cm] % Thesis title
The control sequence at the end of the top line
of your error message was never \def'ed. If you have
misspelled it (e.g., `\hobx'), type `I' and the correct
spelling (e.g., `I\hbox'). Otherwise just continue,
and I'll forget about whatever was undefined.


! LaTeX Error: There's no line here to end.

See the LaTeX manual or LaTeX Companion for explanation.
Type  H <return>  for immediate help.
 ...                                              
                                                  
l.121 {\huge \bfseries \ttitle}\\
                                 [0.4cm] % Thesis title
Your command was ignored.
Type  I <command> <return>  to replace it with another command,
or  <return>  to continue without it.

! Undefined control sequence.
<recently read> \href 
                      
l.127 \href
           {http://www.johnsmith.com}{\authornames} % Author name - remove t...
The control sequence at the end of the top line
of your error message was never \def'ed. If you have
misspelled it (e.g., `\hobx'), type `I' and the correct
spelling (e.g., `I\hbox'). Otherwise just continue,
and I'll forget about whatever was undefined.

! Undefined control sequence.
l.127 \href{http://www.johnsmith.com}{\authornames
                                                  } % Author name - remove t...
The control sequence at the end of the top line
of your error message was never \def'ed. If you have
misspelled it (e.g., `\hobx'), type `I' and the correct
spelling (e.g., `I\hbox'). Otherwise just continue,
and I'll forget about whatever was undefined.


Overfull \hbox (13.2786pt too wide) in paragraph at lines 127--128
[]\OT1/cmr/m/n/14.4 http://www.johnsmith.com  
 []

! Undefined control sequence.
<recently read> \href 
                      
l.133 \href
           {http://www.jamessmith.com}{\supname} % Supervisor name - remove ...
The control sequence at the end of the top line
of your error message was never \def'ed. If you have
misspelled it (e.g., `\hobx'), type `I' and the correct
spelling (e.g., `I\hbox'). Otherwise just continue,
and I'll forget about whatever was undefined.

! Undefined control sequence.
l.133 \href{http://www.jamessmith.com}{\supname
                                               } % Supervisor name - remove ...
The control sequence at the end of the top line
of your error message was never \def'ed. If you have
misspelled it (e.g., `\hobx'), type `I' and the correct
spelling (e.g., `I\hbox'). Otherwise just continue,
and I'll forget about whatever was undefined.


Overfull \hbox (21.19017pt too wide) in paragraph at lines 133--134
 []\OT1/cmr/m/n/14.4 http://www.jamessmith.com
 []

! Undefined control sequence.
<argument> ...nts\\ for the degree of \degreename 
                                                  
l.137 ...irements\\ for the degree of \degreename}
                                                  \\[0.3cm] % University req...
The control sequence at the end of the top line
of your error message was never \def'ed. If you have
misspelled it (e.g., `\hobx'), type `I' and the correct
spelling (e.g., `I\hbox'). Otherwise just continue,
and I'll forget about whatever was undefined.

! Undefined control sequence.
l.139 \groupname
                \\\deptname\\[2cm] % Research group name and department name
The control sequence at the end of the top line
of your error message was never \def'ed. If you have
misspelled it (e.g., `\hobx'), type `I' and the correct
spelling (e.g., `I\hbox'). Otherwise just continue,
and I'll forget about whatever was undefined.


! LaTeX Error: There's no line here to end.

See the LaTeX manual or LaTeX Companion for explanation.
Type  H <return>  for immediate help.
 ...                                              
                                                  
l.139 \groupname\\
                  \deptname\\[2cm] % Research group name and department name
Your command was ignored.
Type  I <command> <return>  to replace it with another command,
or  <return>  to continue without it.

! Undefined control sequence.
<recently read> \deptname 
                          
l.139 \groupname\\\deptname
                           \\[2cm] % Research group name and department name
The control sequence at the end of the top line
of your error message was never \def'ed. If you have
misspelled it (e.g., `\hobx'), type `I' and the correct
spelling (e.g., `I\hbox'). Otherwise just continue,
and I'll forget about whatever was undefined.


! LaTeX Error: There's no line here to end.

See the LaTeX manual or LaTeX Companion for explanation.
Type  H <return>  for immediate help.
 ...                                              
                                                  
l.139 \groupname\\\deptname\\
                             [2cm] % Research group name and department name
Your command was ignored.
Type  I <command> <return>  to replace it with another command,
or  <return>  to continue without it.

[2

]
! Undefined control sequence.
<argument> \undefinedpagestyle 
                               
l.225 \pagestyle{fancy}
                        % The page style headers have been "empty" all this ...
The control sequence at the end of the top line
of your error message was never \def'ed. If you have
misspelled it (e.g., `\hobx'), type `I' and the correct
spelling (e.g., `I\hbox'). Otherwise just continue,
and I'll forget about whatever was undefined.

! Undefined control sequence.
l.227 \lhead
            {\emph{Contents}} % Set the left side page header to "Contents"
The control sequence at the end of the top line
of your error message was never \def'ed. If you have
misspelled it (e.g., `\hobx'), type `I' and the correct
spelling (e.g., `I\hbox'). Otherwise just continue,
and I'll forget about whatever was undefined.

[3]
No file main.toc.
\tf@toc=\write3
! Undefined control sequence.
l.230 \lhead
            {\emph{List of Figures}} % Set the left side page header to "Lis...
The control sequence at the end of the top line
of your error message was never \def'ed. If you have
misspelled it (e.g., `\hobx'), type `I' and the correct
spelling (e.g., `I\hbox'). Otherwise just continue,
and I'll forget about whatever was undefined.

[4

]
No file main.lof.
\tf@lof=\write4
! Undefined control sequence.
l.233 \lhead
            {\emph{List of Tables}} % Set the left side page header to "List...
The control sequence at the end of the top line
of your error message was never \def'ed. If you have
misspelled it (e.g., `\hobx'), type `I' and the correct
spelling (e.g., `I\hbox'). Otherwise just continue,
and I'll forget about whatever was undefined.

[5

]
No file main.lot.
\tf@lot=\write5
[6

]
! Undefined control sequence.
<argument> \undefinedpagestyle 
                               
l.270 \pagestyle{fancy}
                        % Return the page headers back to the "fancy" style
The control sequence at the end of the top line
of your error message was never \def'ed. If you have
misspelled it (e.g., `\hobx'), type `I' and the correct
spelling (e.g., `I\hbox'). Otherwise just continue,
and I'll forget about whatever was undefined.


(C:\Users\Lydia\Documents\GitHub\Discolog\discolog\Rapport\Chapters/introductio
n.tex
Chapter 1.
! Undefined control sequence.
l.6 \lhead
          {Chapter 1 . \emph{Introduction}} % This is for the header on each...
The control sequence at the end of the top line
of your error message was never \def'ed. If you have
misspelled it (e.g., `\hobx'), type `I' and the correct
spelling (e.g., `I\hbox'). Otherwise just continue,
and I'll forget about whatever was undefined.


Package natbib Warning: Citation `gil1992acquiring' on page 1 undefined on inpu
t line 13.


Package natbib Warning: Citation `hurauxmodele' on page 1 undefined on input li
ne 13.


LaTeX Warning: Reference `Cooking model example' on page 1 undefined on input l
ine 13.

[1


] <Pictures/cooking.png, id=32, 1038.12843pt x 460.72125pt>
File: Pictures/cooking.png Graphic file (type png)

<use Pictures/cooking.png>
Package pdftex.def Info: Pictures/cooking.png used on input line 20.
(pdftex.def)             Requested size: 390.0pt x 173.07936pt.
)
(C:\Users\Lydia\Documents\GitHub\Discolog\discolog\Rapport\Chapters/Chapter1B.t
ex [2 <C:/Users/Lydia/Documents/GitHub/Discolog/discolog/Rapport/Pictures/cooki
ng.png>]
Chapter 2.
! Undefined control sequence.
l.5 \lhead
          {Chapter 2. \emph{Background}}
The control sequence at the end of the top line
of your error message was never \def'ed. If you have
misspelled it (e.g., `\hobx'), type `I' and the correct
spelling (e.g., `I\hbox'). Otherwise just continue,
and I'll forget about whatever was undefined.


Package natbib Warning: Citation `shin1986dynamic' on page 3 undefined on input
 line 6.


Package natbib Warning: Citation `crainic2009models' on page 3 undefined on inp
ut line 6.


Package natbib Warning: Citation `fikes1972strips' on page 3 undefined on input
 line 10.

[3

]

Package natbib Warning: Citation `bylander1994computational' on page 4 undefine
d on input line 22.


Package natbib Warning: Citation `crainic2009models' on page 4 undefined on inp
ut line 22.


Package natbib Warning: Citation `blum1997fast' on page 4 undefined on input li
ne 22.


Package natbib Warning: Citation `currie1991plan' on page 4 undefined on input 
line 22.


Package natbib Warning: Citation `mcdermott1998pddl' on page 4 undefined on inp
ut line 22.

Missing character: There is no ‚ in font cmr12!
Missing character: There is no Ä in font cmr12!
Missing character: There is no ô in font cmr12!
[4]
Missing character: There is no ‚ in font cmr12!
Missing character: There is no Ä in font cmr12!
Missing character: There is no ô in font cmr12!
 <Pictures/HTN.png, id=46, 451.6875pt x 240.14719pt>
File: Pictures/HTN.png Graphic file (type png)
 <use Pictures/HTN.png>
Package pdftex.def Info: Pictures/HTN.png used on input line 43.
(pdftex.def)             Requested size: 292.5pt x 155.52216pt.


LaTeX Warning: Reference `HTN example representation' on page 5 undefined on in
put line 51.

LaTeX Font Info:    Try loading font information for OMS+cmr on input line 51.
("C:\Program Files\MiKTeX 2.9\tex\latex\base\omscmr.fd"
File: omscmr.fd 1999/05/25 v2.5h Standard LaTeX font definitions
)
LaTeX Font Info:    Font shape `OMS/cmr/m/it' in size <12> not available
(Font)              Font shape `OMS/cmsy/m/n' tried instead on input line 51.
 [5 <C:/Users/Lydia/Documents/GitHub/Discolog/discolog/Rapport/Pictures/HTN.png
>]
<Pictures/example.png, id=52, 392.96812pt x 149.8097pt>
File: Pictures/example.png Graphic file (type png)

<use Pictures/example.png>
Package pdftex.def Info: Pictures/example.png used on input line 55.
(pdftex.def)             Requested size: 292.5pt x 111.51576pt.
Missing character: There is no ‚ in font cmti12!
Missing character: There is no Ä in font cmti12!
Missing character: There is no ¶ in font cmti12!
 [6 <C:/Users/Lydia/Documents/GitHub/Discolog/discolog/Rapport/Pictures/example
.png>]

Package natbib Warning: Citation `nau1999shop' on page 7 undefined on input lin
e 72.


Package natbib Warning: Citation `wilkins1988practical' on page 7 undefined on 
input line 72.


Package natbib Warning: Citation `sacerdoti1975structure' on page 7 undefined o
n input line 72.

Missing character: There is no ‚ in font cmr12!
Missing character: There is no Ä in font cmr12!
Missing character: There is no ô in font cmr12!

Package natbib Warning: Citation `rich2009building' on page 7 undefined on inpu
t line 80.


Package natbib Warning: Citation `bohus2003ravenclaw' on page 7 undefined on in
put line 80.

[7] [8])
(C:\Users\Lydia\Documents\GitHub\Discolog\discolog\Rapport\Chapters/Chapter2.te
x [9]
Chapter 3.
! Undefined control sequence.
l.5 \lhead
          {Chapter 3. \emph{Related work}}
The control sequence at the end of the top line
of your error message was never \def'ed. If you have
misspelled it (e.g., `\hobx'), type `I' and the correct
spelling (e.g., `I\hbox'). Otherwise just continue,
and I'll forget about whatever was undefined.


Package natbib Warning: Citation `boella2002replanning' on page 10 undefined on
 input line 13.

Missing character: There is no ‚ in font cmr12!
Missing character: There is no Ä in font cmr12!
Missing character: There is no ô in font cmr12!
[10

]

Package natbib Warning: Citation `nau1999shop' on page 11 undefined on input li
ne 30.

[11]

Package natbib Warning: Citation `ayan2007hotride' on page 12 undefined on inpu
t line 36.


Package natbib Warning: Citation `warfield2007adaptation' on page 12 undefined 
on input line 36.

[12]

LaTeX Warning: Reference `Dependency graph' on page 13 undefined on input line 
63.

<Pictures/hotride.png, id=77, 722.7pt x 542.025pt>
File: Pictures/hotride.png Graphic file (type png)
 <use Pictures/hotride.png>
Package pdftex.def Info: Pictures/hotride.png used on input line 72.
(pdftex.def)             Requested size: 292.5pt x 219.37004pt.


LaTeX Warning: `h' float specifier changed to `ht'.

[13]

Package natbib Warning: Citation `warfield2007adaptation' on page 14 undefined 
on input line 79.


Overfull \hbox (9.90015pt too wide) in paragraph at lines 81--82
\OT1/cmr/m/n/12 Truth Main-te-nance Sys-tem (JTMS) and Con-strained De-ci-sion 
Re-vi-sion (CDR).
 []

Missing character: There is no ‚ in font cmr12!
Missing character: There is no Ä in font cmr12!
Missing character: There is no ú in font cmr12!
Missing character: There is no ‚ in font cmr12!
Missing character: There is no Ä in font cmr12!
Missing character: There is no ù in font cmr12!
Missing character: There is no ‚ in font cmr12!
Missing character: There is no Ä in font cmr12!
Missing character: There is no ú in font cmr12!
Missing character: There is no ‚ in font cmr12!
Missing character: There is no Ä in font cmr12!
Missing character: There is no ú in font cmr12!
Missing character: There is no ‚ in font cmr12!
Missing character: There is no Ä in font cmr12!
Missing character: There is no ú in font cmr12!
Missing character: There is no ‚ in font cmr12!
Missing character: There is no Ä in font cmr12!
Missing character: There is no ù in font cmr12!
[14 <C:/Users/Lydia/Documents/GitHub/Discolog/discolog/Rapport/Pictures/hotride
.png>]
Missing character: There is no ‚ in font cmr12!
Missing character: There is no Ä in font cmr12!
Missing character: There is no ô in font cmr12!


Package natbib Warning: Citation `hayashi2006dynagent' on page 15 undefined on 
input line 107.

[15]
Missing character: There is no ‚ in font cmr12!
Missing character: There is no Ä in font cmr12!
Missing character: There is no ô in font cmr12!


Package natbib Warning: Citation `hayashi2006dynagent' on page 16 undefined on 
input line 114.

[16])
(C:\Users\Lydia\Documents\GitHub\Discolog\discolog\Rapport\Chapters/Chapter4.te
x [17]
Chapter 4.
! Undefined control sequence.
l.6 \lhead
          {Chapter 4. \emph{Discolog approach}}
The control sequence at the end of the top line
of your error message was never \def'ed. If you have
misspelled it (e.g., `\hobx'), type `I' and the correct
spelling (e.g., `I\hbox'). Otherwise just continue,
and I'll forget about whatever was undefined.


LaTeX Warning: Reference `High level description of Discolog system' on page 18
 undefined on input line 17.

<Pictures/architecture.png, id=93, 722.7pt x 542.025pt>
File: Pictures/architecture.png Graphic file (type png)

<use Pictures/architecture.png>
Package pdftex.def Info: Pictures/architecture.png used on input line 20.
(pdftex.def)             Requested size: 250.0pt x 187.49506pt.


LaTeX Warning: `!h' float specifier changed to `!ht'.


LaTeX Warning: Reference `euclid' on page 18 undefined on input line 27.

LaTeX Font Info:    Font shape `OMS/cmr/m/n' in size <12> not available
(Font)              Font shape `OMS/cmsy/m/n' tried instead on input line 28.
[18

]
Overfull \hbox (37.42131pt too wide) in paragraph at lines 85--86
[] \OT1/cmr/bx/n/12 if $\OT1/cmr/m/n/12 ([] \OMS/cmsy/m/n/12 2 f[]g[];\OT1/cmr/
m/n/12 )$
 []


LaTeX Warning: Float too large for page by 88.61649pt on input line 95.


Overfull \hbox (0.12234pt too wide) in paragraph at lines 35--96
[]\OT1/cmr/m/n/12 When such break-down oc-curs, Dis-colog starts the re-cover p
ro-ce-dure which
 []

[19 <C:/Users/Lydia/Documents/GitHub/Discolog/discolog/Rapport/Pictures/archite
cture.png>] [20]

LaTeX Warning: Reference `Plan recovery' on page 21 undefined on input line 115
.

[21]

LaTeX Warning: Reference `Plan recovery' on page 22 undefined on input line 120
.

<Pictures/repair.png, id=108, 722.7pt x 542.025pt>
File: Pictures/repair.png Graphic file (type png)
 <use Pictures/repair.png>
Package pdftex.def Info: Pictures/repair.png used on input line 125.
(pdftex.def)             Requested size: 292.5pt x 219.37004pt.


LaTeX Warning: `h' float specifier changed to `ht'.

)
(C:\Users\Lydia\Documents\GitHub\Discolog\discolog\Rapport\Chapters/Chapter5.te
x [22] [23 <C:/Users/Lydia/Documents/GitHub/Discolog/discolog/Rapport/Pictures/
repair.png>]
Chapter 5.
! Undefined control sequence.
l.7 \lhead
          {Chapter 5. \emph{Implementation}} % This is for the header on eac...
The control sequence at the end of the top line
of your error message was never \def'ed. If you have
misspelled it (e.g., `\hobx'), type `I' and the correct
spelling (e.g., `I\hbox'). Otherwise just continue,
and I'll forget about whatever was undefined.


Package natbib Warning: Citation `rich2009building' on page 24 undefined on inp
ut line 11.


LaTeX Warning: Reference `implementation environment of Discolog' on page 24 un
defined on input line 15.

<Pictures/archi1.png, id=116, 708.39656pt x 353.82187pt>
File: Pictures/archi1.png Graphic file (type png)

<use Pictures/archi1.png>
Package pdftex.def Info: Pictures/archi1.png used on input line 18.
(pdftex.def)             Requested size: 250.0pt x 124.8653pt.


Package natbib Warning: Citation `rich2009building' on page 24 undefined on inp
ut line 25.

[24

 <C:/Users/Lydia/Documents/GitHub/Discolog/discolog/Rapport/Pictures/archi1.png
>]
Missing character: There is no ‚ in font cmr12!
Missing character: There is no Ä in font cmr12!
Missing character: There is no ô in font cmr12!


Package natbib Warning: Citation `rich2009building' on page 25 undefined on inp
ut line 27.


LaTeX Warning: Reference `xmldisco' on page 25 undefined on input line 38.

<Pictures/xmldisco.png, id=121, 1212.02812pt x 537.50812pt>
File: Pictures/xmldisco.png Graphic file (type png)

<use Pictures/xmldisco.png>
Package pdftex.def Info: Pictures/xmldisco.png used on input line 44.
(pdftex.def)             Requested size: 390.0pt x 172.9575pt.


LaTeX Warning: `!h' float specifier changed to `!ht'.


LaTeX Warning: Reference `*' on page 25 undefined on input line 51.

[25]
(C:\Users\Lydia\Documents\GitHub\Discolog\discolog\Rapport\Figures/input.java
[26 <C:/Users/Lydia/Documents/GitHub/Discolog/discolog/Rapport/Pictures/xmldisc
o.png>])
(C:\Users\Lydia\Documents\GitHub\Discolog\discolog\Rapport\Figures/output.java)
<Pictures/discologapi.png, id=129, 182.18062pt x 276.28218pt>
File: Pictures/discologapi.png Graphic file (type png)

<use Pictures/discologapi.png>
Package pdftex.def Info: Pictures/discologapi.png used on input line 66.
(pdftex.def)             Requested size: 292.5pt x 443.6414pt.


LaTeX Warning: `!h' float specifier changed to `!ht'.

[27] [28 <C:/Users/Lydia/Documents/GitHub/Discolog/discolog/Rapport/Pictures/di
scologapi.png>])
(C:\Users\Lydia\Documents\GitHub\Discolog\discolog\Rapport\Chapters/Chapter6.te
x [29]
Chapter 6.
! Undefined control sequence.
l.5 \lhead
          {Chapter 6. \emph{Experiments, test and results}}
The control sequence at the end of the top line
of your error message was never \def'ed. If you have
misspelled it (e.g., `\hobx'), type `I' and the correct
spelling (e.g., `I\hbox'). Otherwise just continue,
and I'll forget about whatever was undefined.

[30

]) [31] [32] [33

]
! Undefined control sequence.
l.310 \lhead
            {\emph{Bibliography}} % Change the page header to say "Bibliogra...
The control sequence at the end of the top line
of your error message was never \def'ed. If you have
misspelled it (e.g., `\hobx'), type `I' and the correct
spelling (e.g., `I\hbox'). Otherwise just continue,
and I'll forget about whatever was undefined.

No file main.bbl.

Package natbib Warning: There were undefined citations.

[34] (C:\Users\Lydia\Documents\GitHub\Discolog\discolog\Rapport\main.aux)

LaTeX Warning: There were undefined references.


LaTeX Warning: Label(s) may have changed. Rerun to get cross-references right.

 ) 
Here is how much of TeX's memory you used:
 4512 strings out of 493706
 61729 string characters out of 3144584
 166329 words of memory out of 3000000
 7759 multiletter control sequences out of 15000+200000
 13004 words of font info for 45 fonts, out of 3000000 for 9000
 1025 hyphenation exceptions out of 8191
 27i,11n,49p,903b,1666s stack positions out of 5000i,500n,10000p,200000b,50000s
<C:/Program Files/MiKTeX 2.9/fonts/type1/public/amsfonts/cm/cmbx12.pfb><C:/Pr
ogram Files/MiKTeX 2.9/fonts/type1/public/amsfonts/cm/cmcsc10.pfb><C:/Program F
iles/MiKTeX 2.9/fonts/type1/public/amsfonts/cm/cmmi12.pfb><C:/Program Files/MiK
TeX 2.9/fonts/type1/public/amsfonts/cm/cmr10.pfb><C:/Program Files/MiKTeX 2.9/f
onts/type1/public/amsfonts/cm/cmr12.pfb><C:/Program Files/MiKTeX 2.9/fonts/type
1/public/amsfonts/cm/cmr17.pfb><C:/Program Files/MiKTeX 2.9/fonts/type1/public/
amsfonts/cm/cmr8.pfb><C:/Program Files/MiKTeX 2.9/fonts/type1/public/amsfonts/c
m/cmsl10.pfb><C:/Program Files/MiKTeX 2.9/fonts/type1/public/amsfonts/cm/cmsl12
.pfb><C:/Program Files/MiKTeX 2.9/fonts/type1/public/amsfonts/cm/cmsy10.pfb><C:
/Program Files/MiKTeX 2.9/fonts/type1/public/amsfonts/cm/cmti12.pfb><C:/Program
 Files/MiKTeX 2.9/fonts/type1/public/amsfonts/cm/cmtt10.pfb>
Output written on main.pdf (41 pages, 497843 bytes).
PDF statistics:
 198 PDF objects out of 1000 (max. 8388607)
 0 named destinations out of 1000 (max. 500000)
 46 words of extra memory for PDF output out of 10000 (max. 10000000)

