\BOOKMARK [0][-]{dummy.1}{\376\377\000C\000o\000n\000t\000e\000n\000t\000s}{}% 1
\BOOKMARK [0][-]{dummy.3}{\376\377\000L\000i\000s\000t\000\040\000o\000f\000\040\000F\000i\000g\000u\000r\000e\000s}{}% 2
\BOOKMARK [0][-]{dummy.5}{\376\377\000L\000i\000s\000t\000\040\000o\000f\000\040\000T\000a\000b\000l\000e\000s}{}% 3
\BOOKMARK [0][-]{chapter.7}{\376\377\0001\000\040\000I\000n\000t\000r\000o\000d\000u\000c\000t\000i\000o\000n}{}% 4
\BOOKMARK [0][-]{chapter.8}{\376\377\0002\000\040\000D\000i\000s\000c\000o\000l\000o\000g\000\040\000a\000p\000p\000r\000o\000a\000c\000h}{}% 5
\BOOKMARK [1][-]{section.10}{\376\377\0002\000.\0001\000\040\000T\000h\000e\000\040\000D\000i\000s\000c\000o\000l\000o\000g\000\040\000a\000l\000g\000o\000r\000i\000t\000h\000m}{chapter.8}% 6
\BOOKMARK [2][-]{subsection.12}{\376\377\0002\000.\0001\000.\0001\000\040\000G\000o\000a\000l\000\040\000c\000a\000n\000d\000i\000d\000a\000t\000e\000s\000\040\000d\000e\000t\000e\000c\000t\000i\000o\000n}{section.10}% 7
\BOOKMARK [2][-]{subsection.13}{\376\377\0002\000.\0001\000.\0002\000\040\000S\000T\000R\000I\000P\000S\000\040\000r\000e\000p\000a\000i\000r\000\040\000p\000l\000a\000n\000n\000e\000r}{section.10}% 8
\BOOKMARK [1][-]{section.14}{\376\377\0002\000.\0002\000\040\000E\000x\000a\000m\000p\000l\000e}{chapter.8}% 9
\BOOKMARK [0][-]{chapter.16}{\376\377\0003\000\040\000I\000m\000p\000l\000e\000m\000e\000n\000t\000a\000t\000i\000o\000n}{}% 10
\BOOKMARK [1][-]{section.17}{\376\377\0003\000.\0001\000\040\000D\000e\000v\000e\000l\000o\000p\000m\000e\000n\000t\000\040\000e\000n\000v\000i\000r\000o\000n\000m\000e\000n\000t\000\040}{chapter.16}% 11
\BOOKMARK [1][-]{section.19}{\376\377\0003\000.\0002\000\040\000D\000I\000S\000C\000O}{chapter.16}% 12
\BOOKMARK [2][-]{subsection.20}{\376\377\0003\000.\0002\000.\0001\000\040\000D\000I\000S\000C\000O\000\040\000t\000a\000s\000k\000\040\000m\000o\000d\000e\000l}{section.19}% 13
\BOOKMARK [1][-]{section.22}{\376\377\0003\000.\0003\000\040\000D\000i\000s\000c\000o\000l\000o\000g\000\040\000i\000m\000p\000l\000e\000m\000e\000n\000t\000a\000t\000i\000o\000n}{chapter.16}% 14
\BOOKMARK [2][-]{subsection.23}{\376\377\0003\000.\0003\000.\0001\000\040\000T\000h\000e\000\040\000n\000e\000w\000\040\000D\000i\000s\000c\000o\000l\000o\000g\000\040\000A\000P\000I}{section.22}% 15
\BOOKMARK [3][-]{subsubsection.24}{\376\377\0003\000.\0003\000.\0001\000.\0001\000\040\000R\000e\000a\000c\000t\000i\000v\000e\000\040\000D\000I\000S\000C\000O\000\040}{subsection.23}% 16
\BOOKMARK [3][-]{subsubsection.57}{\376\377\0003\000.\0003\000.\0001\000.\0002\000\040\000\040\000D\000e\000c\000l\000a\000r\000a\000t\000i\000v\000e\000\040\000P\000R\000O\000L\000O\000G\000\040}{subsection.23}% 17
\BOOKMARK [1][-]{section.59}{\376\377\0003\000.\0004\000\040\000C\000o\000n\000c\000l\000u\000s\000i\000o\000n}{chapter.16}% 18
\BOOKMARK [0][-]{chapter.60}{\376\377\0004\000\040\000E\000x\000p\000e\000r\000i\000m\000e\000n\000t\000s\000,\000\040\000t\000e\000s\000t\000\040\000a\000n\000d\000\040\000r\000e\000s\000u\000l\000t\000s}{}% 19
\BOOKMARK [1][-]{section.61}{\376\377\0004\000.\0001\000\040\000e\000x\000p\000e\000r\000i\000m\000e\000n\000t\000a\000l\000\040\000m\000o\000d\000e\000l\000\040\000c\000r\000e\000a\000t\000i\000o\000n}{chapter.60}% 20
\BOOKMARK [2][-]{subsection.63}{\376\377\0004\000.\0001\000.\0001\000\040\000T\000e\000s\000t\000\040\000a\000l\000g\000o\000r\000i\000t\000h\000m}{section.61}% 21
\BOOKMARK [1][-]{section.65}{\376\377\0004\000.\0002\000\040\000\040\000r\000e\000s\000u\000l\000t\000s\000\040\000o\000f\000\040\000t\000h\000e\000\040\000E\000x\000p\000e\000r\000i\000m\000e\000n\000t\000s}{chapter.60}% 22
