This is pdfTeX, Version 3.1415926-2.5-1.40.14 (MiKTeX 2.9 64-bit) (preloaded format=pdflatex 2014.8.7)  2 APR 2015 15:19
entering extended mode
**agi.tex
(C:\Users\Lydia\Documents\GitHub\Discolog\AGI\agi.tex
LaTeX2e <2014/05/01>
Babel <3.9k> and hyphenation patterns for 68 languages loaded.
(C:\Users\Lydia\Documents\GitHub\Discolog\AGI\llncs.cls
Document Class: llncs 2013/09/27 v2.18 
 LaTeX document class for Lecture Notes in Computer Science
("C:\Program Files\MiKTeX 2.9\tex\latex\base\article.cls"
Document Class: article 2007/10/19 v1.4h Standard LaTeX document class
("C:\Program Files\MiKTeX 2.9\tex\latex\base\size10.clo"
File: size10.clo 2007/10/19 v1.4h Standard LaTeX file (size option)
)
\c@part=\count79
\c@section=\count80
\c@subsection=\count81
\c@subsubsection=\count82
\c@paragraph=\count83
\c@subparagraph=\count84
\c@figure=\count85
\c@table=\count86
\abovecaptionskip=\skip41
\belowcaptionskip=\skip42
\bibindent=\dimen102
)
("C:\Program Files\MiKTeX 2.9\tex\latex\tools\multicol.sty"
Package: multicol 2014/06/19 v1.8f multicolumn formatting (FMi)
\c@tracingmulticols=\count87
\mult@box=\box26
\multicol@leftmargin=\dimen103
\c@unbalance=\count88
\c@collectmore=\count89
\doublecol@number=\count90
\multicoltolerance=\count91
\multicolpretolerance=\count92
\full@width=\dimen104
\page@free=\dimen105
\premulticols=\dimen106
\postmulticols=\dimen107
\multicolsep=\skip43
\multicolbaselineskip=\skip44
\partial@page=\box27
\last@line=\box28
\maxbalancingoverflow=\dimen108
\mult@rightbox=\box29
\mult@grightbox=\box30
\mult@gfirstbox=\box31
\mult@firstbox=\box32
\@tempa=\box33
\@tempa=\box34
\@tempa=\box35
\@tempa=\box36
\@tempa=\box37
\@tempa=\box38
\@tempa=\box39
\@tempa=\box40
\@tempa=\box41
\@tempa=\box42
\@tempa=\box43
\@tempa=\box44
\@tempa=\box45
\@tempa=\box46
\@tempa=\box47
\@tempa=\box48
\@tempa=\box49
\c@columnbadness=\count93
\c@finalcolumnbadness=\count94
\last@try=\dimen109
\multicolovershoot=\dimen110
\multicolundershoot=\dimen111
\mult@nat@firstbox=\box50
\colbreak@box=\box51
\mc@col@check@num=\count95
)
("C:\Program Files\MiKTeX 2.9\tex\latex\oberdiek\aliascnt.sty"
Package: aliascnt 2009/09/08 v1.3 Alias counters (HO)

("C:\Program Files\MiKTeX 2.9\tex\latex\carlisle\remreset.sty"))
\c@chapter=\count96
LaTeX Font Info:    Redeclaring math symbol \Gamma on input line 362.
LaTeX Font Info:    Redeclaring math symbol \Delta on input line 363.
LaTeX Font Info:    Redeclaring math symbol \Theta on input line 364.
LaTeX Font Info:    Redeclaring math symbol \Lambda on input line 365.
LaTeX Font Info:    Redeclaring math symbol \Xi on input line 366.
LaTeX Font Info:    Redeclaring math symbol \Pi on input line 367.
LaTeX Font Info:    Redeclaring math symbol \Sigma on input line 368.
LaTeX Font Info:    Redeclaring math symbol \Upsilon on input line 369.
LaTeX Font Info:    Redeclaring math symbol \Phi on input line 370.
LaTeX Font Info:    Redeclaring math symbol \Psi on input line 371.
LaTeX Font Info:    Redeclaring math symbol \Omega on input line 372.
\tocchpnum=\dimen112
\tocsecnum=\dimen113
\tocsectotal=\dimen114
\tocsubsecnum=\dimen115
\tocsubsectotal=\dimen116
\tocsubsubsecnum=\dimen117
\tocsubsubsectotal=\dimen118
\tocparanum=\dimen119
\tocparatotal=\dimen120
\tocsubparanum=\dimen121
\@tempcntc=\count97
\fnindent=\dimen122
\c@@inst=\count98
\c@@auth=\count99
\c@auco=\count100
\instindent=\dimen123
\authrun=\box52
\authorrunning=\toks14
\tocauthor=\toks15
\titrun=\box53
\titlerunning=\toks16
\toctitle=\toks17
\c@theorem=\count101
\c@case=\count102
\c@conjecture=\count103
\c@corollary=\count104
\c@definition=\count105
\c@example=\count106
\c@exercise=\count107
\c@lemma=\count108
\c@note=\count109
\c@problem=\count110
\c@property=\count111
\c@proposition=\count112
\c@question=\count113
\c@solution=\count114
\c@remark=\count115
\headlineindent=\dimen124
)
("C:\Program Files\MiKTeX 2.9\tex\latex\algorithmicx\algpseudocode.sty"
Package: algpseudocode 

("C:\Program Files\MiKTeX 2.9\tex\latex\base\ifthen.sty"
Package: ifthen 2001/05/26 v1.1c Standard LaTeX ifthen package (DPC)
)
("C:\Program Files\MiKTeX 2.9\tex\latex\algorithmicx\algorithmicx.sty"
Package: algorithmicx 2005/04/27 v1.2 Algorithmicx

Document Style algorithmicx 1.2 - a greatly improved `algorithmic' style
\c@ALG@line=\count116
\c@ALG@rem=\count117
\c@ALG@nested=\count118
\ALG@tlm=\skip45
\ALG@thistlm=\skip46
\c@ALG@Lnr=\count119
\c@ALG@blocknr=\count120
\c@ALG@storecount=\count121
\c@ALG@tmpcounter=\count122
\ALG@tmplength=\skip47
)
Document Style - pseudocode environments for use with the `algorithmicx' style
) ("C:\Program Files\MiKTeX 2.9\tex\latex\caption\subcaption.sty"
Package: subcaption 2013/02/03 v1.1-62 Sub-captions (AR)

("C:\Program Files\MiKTeX 2.9\tex\latex\caption\caption.sty"
Package: caption 2013/05/02 v3.3-89 Customizing captions (AR)

("C:\Program Files\MiKTeX 2.9\tex\latex\caption\caption3.sty"
Package: caption3 2013/05/02 v1.6-88 caption3 kernel (AR)
Package caption3 Info: TeX engine: e-TeX on input line 57.

("C:\Program Files\MiKTeX 2.9\tex\latex\graphics\keyval.sty"
Package: keyval 2014/05/08 v1.15 key=value parser (DPC)
\KV@toks@=\toks18
)
\captionmargin=\dimen125
\captionmargin@=\dimen126
\captionwidth=\dimen127
\caption@tempdima=\dimen128
\caption@indent=\dimen129
\caption@parindent=\dimen130
\caption@hangindent=\dimen131
Package caption Info: Unknown document class (or package),
(caption)             standard defaults will be used.
)

Package caption Warning: Unsupported document class (or package) detected,
(caption)                usage of the caption package is not recommended.
See the caption package documentation for explanation.

Package caption Info: \@makecaption = \long macro:#1#2->\small \vskip \abovecap
tionskip \sbox \@tempboxa {{\bfseries #1.} #2}\ifdim \wd \@tempboxa >\hsize {\b
fseries #1.} #2\par \else \global \@minipagefalse \hb@xt@ \hsize {\hfil \box \@
tempboxa \hfil }\fi \vskip \belowcaptionskip .
\c@ContinuedFloat=\count123
)
\c@subfigure=\count124
\c@subtable=\count125
) ("C:\Program Files\MiKTeX 2.9\tex\latex\subfig\subfig.sty"
Package: subfig 2005/06/28 ver: 1.3 subfig package
\c@KVtest=\count126
\sf@farskip=\skip48
\sf@captopadj=\dimen132
\sf@capskip=\skip49
\sf@nearskip=\skip50
\sf@top=\skip51
\sf@bottom=\skip52
)
(C:\Users\Lydia\Documents\GitHub\Discolog\AGI\usual.sty)
("C:\Program Files\MiKTeX 2.9\tex\latex\graphics\graphicx.sty"
Package: graphicx 2014/04/25 v1.0g Enhanced LaTeX Graphics (DPC,SPQR)

("C:\Program Files\MiKTeX 2.9\tex\latex\graphics\graphics.sty"
Package: graphics 2009/02/05 v1.0o Standard LaTeX Graphics (DPC,SPQR)

("C:\Program Files\MiKTeX 2.9\tex\latex\graphics\trig.sty"
Package: trig 1999/03/16 v1.09 sin cos tan (DPC)
)
("C:\Program Files\MiKTeX 2.9\tex\latex\00miktex\graphics.cfg"
File: graphics.cfg 2007/01/18 v1.5 graphics configuration of teTeX/TeXLive
)
Package graphics Info: Driver file: pdftex.def on input line 91.

("C:\Program Files\MiKTeX 2.9\tex\latex\pdftex-def\pdftex.def"
File: pdftex.def 2011/05/27 v0.06d Graphics/color for pdfTeX

("C:\Program Files\MiKTeX 2.9\tex\generic\oberdiek\infwarerr.sty"
Package: infwarerr 2010/04/08 v1.3 Providing info/warning/error messages (HO)
)
("C:\Program Files\MiKTeX 2.9\tex\generic\oberdiek\ltxcmds.sty"
Package: ltxcmds 2011/11/09 v1.22 LaTeX kernel commands for general use (HO)
)
\Gread@gobject=\count127
))
\Gin@req@height=\dimen133
\Gin@req@width=\dimen134
)
("C:\Program Files\MiKTeX 2.9\tex\latex\floatflt\floatflt.sty"
Package: floatflt 1997/07/16 v. 1.31
\c@OptionTest=\count128
\figbox=\box54
\tabbox=\box55
\pagebox=\box56
\ffigcount=\count129
\ftabcount=\count130
\fftest=\count131
\hangcount=\count132
\nosuccesstryfig=\count133
\nosuccesstrytab=\count134
\figgutter=\dimen135
\tabgutter=\dimen136
\htdone=\dimen137
\pageht=\dimen138
\startpageht=\dimen139
\tabbredd=\dimen140
\floatfltwidth=\dimen141
\fltitemwidth=\dimen142
\outputpretest=\toks19
)
(C:\Users\Lydia\Documents\GitHub\Discolog\AGI\agi.aux)
LaTeX Font Info:    Checking defaults for OML/cmm/m/it on input line 10.
LaTeX Font Info:    ... okay on input line 10.
LaTeX Font Info:    Checking defaults for T1/cmr/m/n on input line 10.
LaTeX Font Info:    ... okay on input line 10.
LaTeX Font Info:    Checking defaults for OT1/cmr/m/n on input line 10.
LaTeX Font Info:    ... okay on input line 10.
LaTeX Font Info:    Checking defaults for OMS/cmsy/m/n on input line 10.
LaTeX Font Info:    ... okay on input line 10.
LaTeX Font Info:    Checking defaults for OMX/cmex/m/n on input line 10.
LaTeX Font Info:    ... okay on input line 10.
LaTeX Font Info:    Checking defaults for U/cmr/m/n on input line 10.
LaTeX Font Info:    ... okay on input line 10.
Package caption Info: Begin \AtBeginDocument code.
Package caption Info: subfig package v1.3 is loaded.
Package caption Info: floatflt package is loaded.
Package caption Info: End \AtBeginDocument code.

("C:\Program Files\MiKTeX 2.9\tex\context\base\supp-pdf.mkii"
[Loading MPS to PDF converter (version 2006.09.02).]
\scratchcounter=\count135
\scratchdimen=\dimen143
\scratchbox=\box57
\nofMPsegments=\count136
\nofMParguments=\count137
\everyMPshowfont=\toks20
\MPscratchCnt=\count138
\MPscratchDim=\dimen144
\MPnumerator=\count139
\makeMPintoPDFobject=\count140
\everyMPtoPDFconversion=\toks21
)
LaTeX Font Info:    External font `cmex10' loaded for size
(Font)              <7> on input line 23.
LaTeX Font Info:    External font `cmex10' loaded for size
(Font)              <5> on input line 23.
LaTeX Font Info:    Try loading font information for OMS+cmtt on input line 23.

LaTeX Font Info:    No file OMScmtt.fd. on input line 23.


LaTeX Font Warning: Font shape `OMS/cmtt/m/n' undefined
(Font)              using `OMS/cmsy/m/n' instead
(Font)              for symbol `textbraceleft' on input line 23.

LaTeX Font Info:    External font `cmex10' loaded for size
(Font)              <9> on input line 23.
LaTeX Font Info:    External font `cmex10' loaded for size
(Font)              <6> on input line 23.

LaTeX Warning: Citation `Strips' on page 1 undefined on input line 57.

[1

{C:/ProgramData/MiKTeX/2.9/pdftex/config/pdftex.map}]

LaTeX Warning: Citation `AyanEtAl2007_HOTRiDE' on page 2 undefined on input lin
e 77.


LaTeX Warning: Citation `BoellaDamiano2002' on page 2 undefined on input line 7
7.


LaTeX Warning: Citation `VanDerKrogtDeWeerdt2005' on page 2 undefined on input 
line 77.


LaTeX Warning: Citation `WarfieldEtAl2007' on page 2 undefined on input line 77
.


Overfull \hbox (8.5713pt too wide) in paragraph at lines 76--82
[]\OT1/cmr/m/n/10 The prob-lem of plan re-cov-ery has been stud-ied in sym-boli
c HTNs (see [\OT1/cmr/bx/n/10 ?\OT1/cmr/m/n/10 ,\OT1/cmr/bx/n/10 ?\OT1/cmr/m/n/
10 ,\OT1/cmr/bx/n/10 ?\OT1/cmr/m/n/10 ,\OT1/cmr/bx/n/10 ?\OT1/cmr/m/n/10 ]).
 []


LaTeX Warning: Citation `Firby1987' on page 2 undefined on input line 84.


LaTeX Warning: Citation `Brom2005' on page 2 undefined on input line 86.

<figs/wind.pdf, id=15, 651.25694pt x 419.45505pt>
File: figs/wind.pdf Graphic file (type pdf)
 <use figs/wind.pdf>
Package pdftex.def Info: figs/wind.pdf used on input line 97.
(pdftex.def)             Requested size: 216.81pt x 139.63666pt.
 [2 <C:/Users/Lydia/Documents/GitHub/Discolog/AGI/figs/wind.pdf>]
<figs/recover.pdf, id=48, 661.9564pt x 188.17642pt>
File: figs/recover.pdf Graphic file (type pdf)
 <use figs/recover.pdf>
Package pdftex.def Info: figs/recover.pdf used on input line 136.
(pdftex.def)             Requested size: 216.81pt x 61.63324pt.

[3 <C:/Users/Lydia/Documents/GitHub/Discolog/AGI/figs/recover.pdf>]
<figs/procedures.pdf, id=73, 558.4733pt x 231.61636pt>
File: figs/procedures.pdf Graphic file (type pdf)

<use figs/procedures.pdf>
Package pdftex.def Info: figs/procedures.pdf used on input line 178.
(pdftex.def)             Requested size: 173.44756pt x 71.93109pt.

<figs/features.pdf, id=74, 506.96138pt x 230.12863pt>
File: figs/features.pdf Graphic file (type pdf)
 <use figs/features.pdf>
Package pdftex.def Info: figs/features.pdf used on input line 184.
(pdftex.def)             Requested size: 173.44756pt x 78.7343pt.

<figs/planning.pdf, id=75, 666.50568pt x 304.12038pt>
File: figs/planning.pdf Graphic file (type pdf)
 <use figs/planning.pdf>
Package pdftex.def Info: figs/planning.pdf used on input line 193.
(pdftex.def)             Requested size: 267.39877pt x 122.00795pt.


LaTeX Warning: Citation `PDDL' on page 4 undefined on input line 210.

[4 <C:/Users/Lydia/Documents/GitHub/Discolog/AGI/figs/procedures.pdf> <C:/Users
/Lydia/Documents/GitHub/Discolog/AGI/figs/features.pdf> <C:/Users/Lydia/Documen
ts/GitHub/Discolog/AGI/figs/planning.pdf>] [5]
<figs/precondition.pdf, id=151, 696.1772pt x 388.97469pt>
File: figs/precondition.pdf Graphic file (type pdf)

<use figs/precondition.pdf>
Package pdftex.def Info: figs/precondition.pdf used on input line 296.
(pdftex.def)             Requested size: 168.14821pt x 93.95122pt.

<figs/postcondition.pdf, id=152, 381.04945pt x 386.89539pt>
File: figs/postcondition.pdf Graphic file (type pdf)

<use figs/postcondition.pdf>
Package pdftex.def Info: figs/postcondition.pdf used on input line 302.
(pdftex.def)             Requested size: 92.52937pt x 93.95122pt.

<figs/applicability.pdf, id=153, 330.58287pt x 387.07127pt>
File: figs/applicability.pdf Graphic file (type pdf)

<use figs/applicability.pdf>
Package pdftex.def Info: figs/applicability.pdf used on input line 308.
(pdftex.def)             Requested size: 80.23938pt x 93.95122pt.
 [6 <C:/Users/Lydia/Documents/GitHub/Discolog/AGI/figs/precondition.pdf> <C:/Us
ers/Lydia/Documents/GitHub/Discolog/AGI/figs/postcondition.pdf> <C:/Users/Lydia
/Documents/GitHub/Discolog/AGI/figs/applicability.pdf>] [7] [8] <figs/discolog.
pdf, id=241, 596.48145pt x 189.51111pt>
File: figs/discolog.pdf Graphic file (type pdf)

<use figs/discolog.pdf>
Package pdftex.def Info: figs/discolog.pdf used on input line 517.
(pdftex.def)             Requested size: 173.44756pt x 55.10718pt.

Package floatflt Message: Floating figure 1 set on page 9

LaTeX Warning: Citation `CETask' on page 9 undefined on input line 523.


LaTeX Warning: Citation `RichSidner2012' on page 9 undefined on input line 523.



Overfull \hbox (4.85725pt too wide) in paragraph at lines 521--529
[]|\OT1/cmr/m/n/10 We have im-ple-mented the hy-brid sys-
 []


Overfull \vbox (8.06172pt too high) has occurred while \output is active []


[9 <C:/Users/Lydia/Documents/GitHub/Discolog/AGI/figs/discolog.pdf>]
<figs/recovery.png, id=268, 548.0475pt x 303.38344pt>
File: figs/recovery.png Graphic file (type png)
 <use figs/recovery.png>
Package pdftex.def Info: figs/recovery.png used on input line 551.
(pdftex.def)             Requested size: 166.2212pt x 92.01564pt.

<figs/candidates.png, id=270, 548.0475pt x 303.38344pt>
File: figs/candidates.png Graphic file (type png)

<use figs/candidates.png>
Package pdftex.def Info: figs/candidates.png used on input line 557.
(pdftex.def)             Requested size: 166.2212pt x 92.01564pt.
 <figs/dimen.pdf, id=271, 224.2233pt x 171.23442pt>
File: figs/dimen.pdf Graphic file (type pdf)

<use figs/dimen.pdf>
Package pdftex.def Info: figs/dimen.pdf used on input line 566.
(pdftex.def)             Requested size: 86.72377pt x 66.22984pt.

Package floatflt Message: Floating figure 2 set on page 10

Overfull \hbox (3.49205pt too wide) in paragraph at lines 571--578
\OT1/cmr/m/n/10 are suc-cess-fully re-cov-ered in-creases as the sym-bolic know
l-
 []

(C:\Users\Lydia\Documents\GitHub\Discolog\AGI\agi.bbl

LaTeX Warning: Empty `thebibliography' environment on input line 3.

) [10 <C:/Users/Lydia/Documents/GitHub/Discolog/AGI/figs/recovery.png> <C:/User
s/Lydia/Documents/GitHub/Discolog/AGI/figs/candidates.png> <C:/Users/Lydia/Docu
ments/GitHub/Discolog/AGI/figs/dimen.pdf>]
(C:\Users\Lydia\Documents\GitHub\Discolog\AGI\agi.aux)

LaTeX Font Warning: Some font shapes were not available, defaults substituted.

 ) 
Here is how much of TeX's memory you used:
 3519 strings out of 493706
 52719 string characters out of 3144584
 123328 words of memory out of 3000000
 6817 multiletter control sequences out of 15000+200000
 8404 words of font info for 30 fonts, out of 3000000 for 9000
 1025 hyphenation exceptions out of 8191
 42i,9n,40p,356b,450s stack positions out of 5000i,500n,10000p,200000b,50000s
<C:/Program Files/MiKTeX 2.9/fonts/type1/public/amsfonts/cm/cmbx10.pfb><C:/Pr
ogram Files/MiKTeX 2.9/fonts/type1/public/amsfonts/cm/cmbx12.pfb><C:/Program Fi
les/MiKTeX 2.9/fonts/type1/public/amsfonts/cm/cmbx9.pfb><C:/Program Files/MiKTe
X 2.9/fonts/type1/public/amsfonts/cm/cmcsc10.pfb><C:/Program Files/MiKTeX 2.9/f
onts/type1/public/amsfonts/cm/cmmi9.pfb><C:/Program Files/MiKTeX 2.9/fonts/type
1/public/amsfonts/cm/cmr10.pfb><C:/Program Files/MiKTeX 2.9/fonts/type1/public/
amsfonts/cm/cmr6.pfb><C:/Program Files/MiKTeX 2.9/fonts/type1/public/amsfonts/c
m/cmr7.pfb><C:/Program Files/MiKTeX 2.9/fonts/type1/public/amsfonts/cm/cmr9.pfb
><C:/Program Files/MiKTeX 2.9/fonts/type1/public/amsfonts/cm/cmsy9.pfb><C:/Prog
ram Files/MiKTeX 2.9/fonts/type1/public/amsfonts/cm/cmti10.pfb><C:/Program File
s/MiKTeX 2.9/fonts/type1/public/amsfonts/cm/cmtt9.pfb>
Output written on agi.pdf (10 pages, 495306 bytes).
PDF statistics:
 346 PDF objects out of 1000 (max. 8388607)
 0 named destinations out of 1000 (max. 500000)
 61 words of extra memory for PDF output out of 10000 (max. 10000000)

